<?xml version="1.0" encoding="UTF-8"?>
<!-- Generated by org.testng.reporters.JUnitReportReporter -->
<testsuite hostname="DESKTOP-2JQ4EAS" failures="0" tests="1" name="TC006_Get_ExtractValueofEachNodeJSON" time="6.942" errors="0" timestamp="2022-09-21T18:14:37 IST" skipped="0">
  <testcase classname="TC006_Get_ExtractValueofEachNodeJSON" name="getValueOfNodeJson" time="6.942"/>
  <system-out/>
</testsuite> <!-- TC006_Get_ExtractValueofEachNodeJSON -->
