<?xml version="1.0" encoding="UTF-8"?>
<!-- Generated by org.testng.reporters.JUnitReportReporter -->
<testsuite hostname="DESKTOP-2JQ4EAS" failures="0" tests="1" name="GetMethod" time="4.768" errors="0" timestamp="2022-09-21T20:58:10 IST" skipped="0">
  <testcase classname="GetMethod" name="validateGetMethod" time="4.768"/>
  <system-out/>
</testsuite> <!-- GetMethod -->
