<?xml version="1.0" encoding="UTF-8"?>
<!-- Generated by org.testng.reporters.JUnitReportReporter -->
<testsuite hostname="DESKTOP-2JQ4EAS" failures="0" tests="1" name="serializationanddeserialization.PutRequestForSerializationDeserialization" time="4.895" errors="0" timestamp="2022-09-22T20:37:28 IST" skipped="0">
  <testcase classname="serializationanddeserialization.PutRequestForSerializationDeserialization" name="putRequestByAnotherMethod" time="4.895"/>
  <system-out/>
</testsuite> <!-- serializationanddeserialization.PutRequestForSerializationDeserialization -->
