<?xml version="1.0" encoding="UTF-8"?>
<!-- Generated by org.testng.reporters.JUnitReportReporter -->
<testsuite hostname="DESKTOP-2JQ4EAS" failures="0" tests="1" name="interview.TestVagrant" time="4.051" errors="0" timestamp="2022-10-07T00:36:07 IST" skipped="0">
  <testcase classname="interview.TestVagrant" name="testGet" time="4.051"/>
  <system-out/>
</testsuite> <!-- interview.TestVagrant -->
