<?xml version="1.0" encoding="UTF-8"?>
<!-- Generated by org.testng.reporters.JUnitReportReporter -->
<testsuite hostname="DESKTOP-2JQ4EAS" failures="0" tests="1" name="TC001_GET_Request" time="2.831" errors="0" timestamp="2022-09-27T12:46:35 IST" skipped="0">
  <testcase classname="TC001_GET_Request" name="validateGetMethod" time="2.831"/>
  <system-out/>
</testsuite> <!-- TC001_GET_Request -->
