<?xml version="1.0" encoding="UTF-8"?>
<!-- Generated by org.testng.reporters.JUnitReportReporter -->
<testsuite hostname="DESKTOP-2JQ4EAS" failures="0" tests="1" name="TC004_Get_Request_PrintAllHeader" time="4.452" errors="0" timestamp="2022-09-21T19:36:36 IST" skipped="0">
  <testcase classname="TC004_Get_Request_PrintAllHeader" name="getRequestPrintHeader" time="4.452"/>
  <system-out/>
</testsuite> <!-- TC004_Get_Request_PrintAllHeader -->
