<?xml version="1.0" encoding="UTF-8"?>
<!-- Generated by org.testng.reporters.JUnitReportReporter -->
<testsuite hostname="DESKTOP-2JQ4EAS" failures="0" tests="1" name="TC002_POST_Request" time="5.570" errors="0" timestamp="2022-09-21T19:31:09 IST" skipped="0">
  <testcase classname="TC002_POST_Request" name="validatePostMethod" time="5.570"/>
  <system-out/>
</testsuite> <!-- TC002_POST_Request -->
