<?xml version="1.0" encoding="UTF-8"?>
<!-- Generated by org.testng.reporters.JUnitReportReporter -->
<testsuite hostname="DESKTOP-2JQ4EAS" failures="0" tests="1" name="TC003_GET_Request" time="4.454" errors="0" timestamp="2022-09-21T19:32:28 IST" skipped="0">
  <testcase classname="TC003_GET_Request" name="validateGetMethod2" time="4.454"/>
  <system-out/>
</testsuite> <!-- TC003_GET_Request -->
