<?xml version="1.0" encoding="UTF-8"?>
<!-- Generated by org.testng.reporters.JUnitReportReporter -->
<testsuite hostname="DESKTOP-2JQ4EAS" failures="0" tests="1" name="Get_Request_PrintAllHeader" time="2.861" errors="0" timestamp="2022-09-21T17:03:24 IST" skipped="0">
  <testcase classname="Get_Request_PrintAllHeader" name="getRequestPrintHeader" time="2.861"/>
  <system-out/>
</testsuite> <!-- Get_Request_PrintAllHeader -->
