<?xml version="1.0" encoding="UTF-8"?>
<!-- Generated by org.testng.reporters.JUnitReportReporter -->
<testsuite hostname="DESKTOP-2JQ4EAS" failures="0" tests="1" name="TC007_GET_Authorization" time="6.270" errors="0" timestamp="2022-09-21T19:41:21 IST" skipped="0">
  <testcase classname="TC007_GET_Authorization" name="authorizationTest" time="6.270"/>
  <system-out/>
</testsuite> <!-- TC007_GET_Authorization -->
