<?xml version="1.0" encoding="UTF-8"?>
<!-- Generated by org.testng.reporters.JUnitReportReporter -->
<testsuite hostname="DESKTOP-2JQ4EAS" failures="0" tests="1" name="TC005_GET_ValidatingJSONResponse" time="3.692" errors="0" timestamp="2022-09-21T19:40:00 IST" skipped="0">
  <testcase classname="TC005_GET_ValidatingJSONResponse" name="getVerifyJSON" time="3.692"/>
  <system-out/>
</testsuite> <!-- TC005_GET_ValidatingJSONResponse -->
